{"/home/valerii/art/dev/js/inheritance-diagram/master/src/GraphNode.js":{"path":"/home/valerii/art/dev/js/inheritance-diagram/master/src/GraphNode.js","s":{"1":1,"2":1,"3":144,"4":89,"5":89,"6":19,"7":89,"8":42,"9":89,"10":21,"11":144,"12":142,"13":329,"14":329,"15":35,"16":294,"17":1},"b":{"1":[89,55],"2":[19,70],"3":[42,47],"4":[21,68],"5":[142,2],"6":[35,294],"7":[329,294]},"f":{"1":144},"fnMap":{"1":{"name":"(anonymous_1)","line":18,"loc":{"start":{"line":18,"column":24},"end":{"line":18,"column":51}}}},"statementMap":{"1":{"start":{"line":8,"column":0},"end":{"line":8,"column":45}},"2":{"start":{"line":18,"column":0},"end":{"line":116,"column":3}},"3":{"start":{"line":19,"column":1},"end":{"line":34,"column":2}},"4":{"start":{"line":20,"column":2},"end":{"line":20,"column":19}},"5":{"start":{"line":24,"column":2},"end":{"line":26,"column":3}},"6":{"start":{"line":25,"column":3},"end":{"line":25,"column":29}},"7":{"start":{"line":27,"column":2},"end":{"line":29,"column":3}},"8":{"start":{"line":28,"column":3},"end":{"line":28,"column":33}},"9":{"start":{"line":30,"column":2},"end":{"line":32,"column":3}},"10":{"start":{"line":31,"column":3},"end":{"line":31,"column":27}},"11":{"start":{"line":36,"column":1},"end":{"line":45,"column":2}},"12":{"start":{"line":37,"column":2},"end":{"line":44,"column":5}},"13":{"start":{"line":38,"column":3},"end":{"line":38,"column":38}},"14":{"start":{"line":39,"column":3},"end":{"line":41,"column":4}},"15":{"start":{"line":40,"column":4},"end":{"line":40,"column":11}},"16":{"start":{"line":43,"column":3},"end":{"line":43,"column":26}},"17":{"start":{"line":118,"column":0},"end":{"line":118,"column":27}}},"branchMap":{"1":{"line":19,"type":"if","locations":[{"start":{"line":19,"column":1},"end":{"line":19,"column":1}},{"start":{"line":19,"column":1},"end":{"line":19,"column":1}}]},"2":{"line":24,"type":"if","locations":[{"start":{"line":24,"column":2},"end":{"line":24,"column":2}},{"start":{"line":24,"column":2},"end":{"line":24,"column":2}}]},"3":{"line":27,"type":"if","locations":[{"start":{"line":27,"column":2},"end":{"line":27,"column":2}},{"start":{"line":27,"column":2},"end":{"line":27,"column":2}}]},"4":{"line":30,"type":"if","locations":[{"start":{"line":30,"column":2},"end":{"line":30,"column":2}},{"start":{"line":30,"column":2},"end":{"line":30,"column":2}}]},"5":{"line":36,"type":"if","locations":[{"start":{"line":36,"column":1},"end":{"line":36,"column":1}},{"start":{"line":36,"column":1},"end":{"line":36,"column":1}}]},"6":{"line":39,"type":"if","locations":[{"start":{"line":39,"column":3},"end":{"line":39,"column":3}},{"start":{"line":39,"column":3},"end":{"line":39,"column":3}}]},"7":{"line":39,"type":"binary-expr","locations":[{"start":{"line":39,"column":7},"end":{"line":39,"column":35}},{"start":{"line":39,"column":39},"end":{"line":39,"column":75}}]}}},"/home/valerii/art/dev/js/inheritance-diagram/master/src/inputAdapter.js":{"path":"/home/valerii/art/dev/js/inheritance-diagram/master/src/inputAdapter.js","s":{"1":1,"2":1,"3":1,"4":1,"5":69,"6":10,"7":59,"8":8,"9":51,"10":51,"11":1,"12":50,"13":45,"14":35,"15":25,"16":23,"17":5,"18":18,"19":18,"20":18,"21":8,"22":18,"23":103,"24":103,"25":69,"26":1,"27":68,"28":10,"29":58,"30":58,"31":35,"32":35,"33":30,"34":1,"35":29,"36":10,"37":19,"38":94,"39":1},"b":{"1":[10,59],"2":[69,60],"3":[8,51],"4":[1,50],"5":[15,35],"6":[5,18],"7":[1,17],"8":[8,10],"9":[18,12],"10":[1,68],"11":[10,58],"12":[68,59],"13":[1,29],"14":[10,19],"15":[29,20]},"f":{"1":69,"2":23,"3":103,"4":35,"5":94},"fnMap":{"1":{"name":"(anonymous_1)","line":34,"loc":{"start":{"line":34,"column":8},"end":{"line":34,"column":23}}},"2":{"name":"(anonymous_2)","line":71,"loc":{"start":{"line":71,"column":20},"end":{"line":71,"column":36}}},"3":{"name":"(anonymous_3)","line":95,"loc":{"start":{"line":95,"column":19},"end":{"line":95,"column":30}}},"4":{"name":"(anonymous_4)","line":121,"loc":{"start":{"line":121,"column":19},"end":{"line":121,"column":30}}},"5":{"name":"(anonymous_5)","line":146,"loc":{"start":{"line":146,"column":17},"end":{"line":146,"column":39}}}},"statementMap":{"1":{"start":{"line":8,"column":0},"end":{"line":8,"column":45}},"2":{"start":{"line":9,"column":0},"end":{"line":9,"column":43}},"3":{"start":{"line":10,"column":0},"end":{"line":10,"column":41}},"4":{"start":{"line":20,"column":0},"end":{"line":152,"column":3}},"5":{"start":{"line":35,"column":2},"end":{"line":37,"column":3}},"6":{"start":{"line":36,"column":3},"end":{"line":36,"column":78}},"7":{"start":{"line":38,"column":2},"end":{"line":40,"column":3}},"8":{"start":{"line":39,"column":3},"end":{"line":39,"column":87}},"9":{"start":{"line":42,"column":2},"end":{"line":42,"column":31}},"10":{"start":{"line":43,"column":2},"end":{"line":45,"column":3}},"11":{"start":{"line":44,"column":3},"end":{"line":44,"column":89}},"12":{"start":{"line":47,"column":2},"end":{"line":51,"column":5}},"13":{"start":{"line":53,"column":2},"end":{"line":53,"column":36}},"14":{"start":{"line":54,"column":2},"end":{"line":54,"column":36}},"15":{"start":{"line":56,"column":2},"end":{"line":56,"column":13}},"16":{"start":{"line":72,"column":2},"end":{"line":74,"column":3}},"17":{"start":{"line":73,"column":3},"end":{"line":73,"column":128}},"18":{"start":{"line":76,"column":2},"end":{"line":76,"column":29}},"19":{"start":{"line":79,"column":2},"end":{"line":79,"column":98}},"20":{"start":{"line":81,"column":2},"end":{"line":83,"column":3}},"21":{"start":{"line":82,"column":3},"end":{"line":82,"column":68}},"22":{"start":{"line":85,"column":2},"end":{"line":85,"column":15}},"23":{"start":{"line":96,"column":2},"end":{"line":96,"column":27}},"24":{"start":{"line":98,"column":2},"end":{"line":111,"column":5}},"25":{"start":{"line":100,"column":3},"end":{"line":102,"column":4}},"26":{"start":{"line":101,"column":4},"end":{"line":101,"column":11}},"27":{"start":{"line":103,"column":3},"end":{"line":105,"column":4}},"28":{"start":{"line":104,"column":4},"end":{"line":104,"column":133}},"29":{"start":{"line":108,"column":3},"end":{"line":108,"column":78}},"30":{"start":{"line":110,"column":3},"end":{"line":110,"column":43}},"31":{"start":{"line":122,"column":2},"end":{"line":122,"column":24}},"32":{"start":{"line":124,"column":2},"end":{"line":135,"column":5}},"33":{"start":{"line":126,"column":3},"end":{"line":128,"column":4}},"34":{"start":{"line":127,"column":4},"end":{"line":127,"column":11}},"35":{"start":{"line":129,"column":3},"end":{"line":131,"column":4}},"36":{"start":{"line":130,"column":4},"end":{"line":130,"column":130}},"37":{"start":{"line":134,"column":3},"end":{"line":134,"column":62}},"38":{"start":{"line":147,"column":2},"end":{"line":150,"column":5}},"39":{"start":{"line":154,"column":0},"end":{"line":154,"column":30}}},"branchMap":{"1":{"line":35,"type":"if","locations":[{"start":{"line":35,"column":2},"end":{"line":35,"column":2}},{"start":{"line":35,"column":2},"end":{"line":35,"column":2}}]},"2":{"line":35,"type":"binary-expr","locations":[{"start":{"line":35,"column":6},"end":{"line":35,"column":33}},{"start":{"line":35,"column":37},"end":{"line":35,"column":45}}]},"3":{"line":38,"type":"if","locations":[{"start":{"line":38,"column":2},"end":{"line":38,"column":2}},{"start":{"line":38,"column":2},"end":{"line":38,"column":2}}]},"4":{"line":43,"type":"if","locations":[{"start":{"line":43,"column":2},"end":{"line":43,"column":2}},{"start":{"line":43,"column":2},"end":{"line":43,"column":2}}]},"5":{"line":50,"type":"cond-expr","locations":[{"start":{"line":50,"column":33},"end":{"line":50,"column":78}},{"start":{"line":50,"column":81},"end":{"line":50,"column":90}}]},"6":{"line":72,"type":"if","locations":[{"start":{"line":72,"column":2},"end":{"line":72,"column":2}},{"start":{"line":72,"column":2},"end":{"line":72,"column":2}}]},"7":{"line":79,"type":"cond-expr","locations":[{"start":{"line":79,"column":43},"end":{"line":79,"column":47}},{"start":{"line":79,"column":50},"end":{"line":79,"column":96}}]},"8":{"line":81,"type":"if","locations":[{"start":{"line":81,"column":2},"end":{"line":81,"column":2}},{"start":{"line":81,"column":2},"end":{"line":81,"column":2}}]},"9":{"line":81,"type":"binary-expr","locations":[{"start":{"line":81,"column":6},"end":{"line":81,"column":10}},{"start":{"line":81,"column":14},"end":{"line":81,"column":25}}]},"10":{"line":100,"type":"if","locations":[{"start":{"line":100,"column":3},"end":{"line":100,"column":3}},{"start":{"line":100,"column":3},"end":{"line":100,"column":3}}]},"11":{"line":103,"type":"if","locations":[{"start":{"line":103,"column":3},"end":{"line":103,"column":3}},{"start":{"line":103,"column":3},"end":{"line":103,"column":3}}]},"12":{"line":103,"type":"binary-expr","locations":[{"start":{"line":103,"column":7},"end":{"line":103,"column":35}},{"start":{"line":103,"column":39},"end":{"line":103,"column":48}}]},"13":{"line":126,"type":"if","locations":[{"start":{"line":126,"column":3},"end":{"line":126,"column":3}},{"start":{"line":126,"column":3},"end":{"line":126,"column":3}}]},"14":{"line":129,"type":"if","locations":[{"start":{"line":129,"column":3},"end":{"line":129,"column":3}},{"start":{"line":129,"column":3},"end":{"line":129,"column":3}}]},"15":{"line":129,"type":"binary-expr","locations":[{"start":{"line":129,"column":7},"end":{"line":129,"column":35}},{"start":{"line":129,"column":39},"end":{"line":129,"column":48}}]}}},"/home/valerii/art/dev/js/inheritance-diagram/master/src/ProcessingNode.js":{"path":"/home/valerii/art/dev/js/inheritance-diagram/master/src/ProcessingNode.js","s":{"1":1,"2":1,"3":1,"4":4,"5":1},"b":{},"f":{"1":4,"2":1},"fnMap":{"1":{"name":"(anonymous_1)","line":30,"loc":{"start":{"line":30,"column":14},"end":{"line":30,"column":27}}},"2":{"name":"(anonymous_2)","line":39,"loc":{"start":{"line":39,"column":8},"end":{"line":39,"column":11}}}},"statementMap":{"1":{"start":{"line":8,"column":0},"end":{"line":8,"column":45}},"2":{"start":{"line":9,"column":0},"end":{"line":9,"column":45}},"3":{"start":{"line":17,"column":0},"end":{"line":40,"column":3}},"4":{"start":{"line":31,"column":2},"end":{"line":31,"column":46}},"5":{"start":{"line":42,"column":0},"end":{"line":42,"column":32}}},"branchMap":{}},"/home/valerii/art/dev/js/inheritance-diagram/master/src/main.js":{"path":"/home/valerii/art/dev/js/inheritance-diagram/master/src/main.js","s":{"1":1,"2":1,"3":1,"4":1,"5":1,"6":1,"7":1,"8":25,"9":25,"10":1,"11":4,"12":25,"13":25,"14":25,"15":25,"16":25,"17":25,"18":25,"19":100,"20":100,"21":100,"22":25,"23":25,"24":1},"b":{"1":[1,24],"2":[25,1]},"f":{"1":25,"2":100,"3":25},"fnMap":{"1":{"name":"(anonymous_1)","line":26,"loc":{"start":{"line":26,"column":22},"end":{"line":26,"column":58}}},"2":{"name":"(anonymous_2)","line":69,"loc":{"start":{"line":69,"column":22},"end":{"line":69,"column":51}}},"3":{"name":"(anonymous_3)","line":128,"loc":{"start":{"line":128,"column":10},"end":{"line":128,"column":13}}}},"statementMap":{"1":{"start":{"line":8,"column":0},"end":{"line":8,"column":45}},"2":{"start":{"line":10,"column":0},"end":{"line":10,"column":47}},"3":{"start":{"line":11,"column":0},"end":{"line":11,"column":39}},"4":{"start":{"line":12,"column":0},"end":{"line":12,"column":41}},"5":{"start":{"line":13,"column":0},"end":{"line":13,"column":49}},"6":{"start":{"line":15,"column":0},"end":{"line":15,"column":73}},"7":{"start":{"line":26,"column":0},"end":{"line":131,"column":3}},"8":{"start":{"line":27,"column":1},"end":{"line":27,"column":37}},"9":{"start":{"line":30,"column":1},"end":{"line":39,"column":2}},"10":{"start":{"line":31,"column":2},"end":{"line":38,"column":5}},"11":{"start":{"line":37,"column":3},"end":{"line":37,"column":36}},"12":{"start":{"line":42,"column":1},"end":{"line":42,"column":62}},"13":{"start":{"line":43,"column":1},"end":{"line":68,"column":3}},"14":{"start":{"line":47,"column":4},"end":{"line":47,"column":56}},"15":{"start":{"line":53,"column":4},"end":{"line":53,"column":51}},"16":{"start":{"line":59,"column":4},"end":{"line":59,"column":68}},"17":{"start":{"line":65,"column":4},"end":{"line":65,"column":58}},"18":{"start":{"line":69,"column":1},"end":{"line":76,"column":4}},"19":{"start":{"line":71,"column":2},"end":{"line":71,"column":89}},"20":{"start":{"line":73,"column":2},"end":{"line":73,"column":23}},"21":{"start":{"line":75,"column":2},"end":{"line":75,"column":33}},"22":{"start":{"line":77,"column":1},"end":{"line":77,"column":32}},"23":{"start":{"line":129,"column":2},"end":{"line":129,"column":18}},"24":{"start":{"line":133,"column":0},"end":{"line":133,"column":25}}},"branchMap":{"1":{"line":30,"type":"if","locations":[{"start":{"line":30,"column":1},"end":{"line":30,"column":1}},{"start":{"line":30,"column":1},"end":{"line":30,"column":1}}]},"2":{"line":30,"type":"binary-expr","locations":[{"start":{"line":30,"column":5},"end":{"line":30,"column":12}},{"start":{"line":30,"column":16},"end":{"line":30,"column":41}}]}}},"/home/valerii/art/dev/js/inheritance-diagram/master/src/position.js":{"path":"/home/valerii/art/dev/js/inheritance-diagram/master/src/position.js","s":{"1":1,"2":1,"3":1,"4":1,"5":36,"6":11,"7":25,"8":25,"9":25,"10":25,"11":25,"12":25,"13":25,"14":25,"15":25,"16":25,"17":25,"18":25,"19":18,"20":18,"21":18,"22":50,"23":50,"24":50,"25":50,"26":50,"27":101,"28":30,"29":30,"30":59,"31":59,"32":59,"33":71,"34":50,"35":25,"36":25,"37":25,"38":20,"39":20,"40":25,"41":25,"42":25,"43":54,"44":25,"45":25,"46":47,"47":15,"48":47,"49":5,"50":42,"51":30,"52":30,"53":30,"54":30,"55":12,"56":1},"b":{"1":[11,25],"2":[30,71],"3":[101,84],"4":[25,25],"5":[15,32],"6":[5,42],"7":[30,12]},"f":{"1":36,"2":25,"3":25,"4":50,"5":25,"6":25},"fnMap":{"1":{"name":"(anonymous_1)","line":63,"loc":{"start":{"line":63,"column":8},"end":{"line":63,"column":14}}},"2":{"name":"(anonymous_2)","line":88,"loc":{"start":{"line":88,"column":13},"end":{"line":88,"column":20}}},"3":{"name":"(anonymous_3)","line":101,"loc":{"start":{"line":101,"column":17},"end":{"line":101,"column":24}}},"4":{"name":"(anonymous_4)","line":116,"loc":{"start":{"line":116,"column":20},"end":{"line":116,"column":27}}},"5":{"name":"(anonymous_5)","line":149,"loc":{"start":{"line":149,"column":20},"end":{"line":149,"column":27}}},"6":{"name":"(anonymous_6)","line":164,"loc":{"start":{"line":164,"column":8},"end":{"line":164,"column":15}}}},"statementMap":{"1":{"start":{"line":8,"column":0},"end":{"line":8,"column":45}},"2":{"start":{"line":9,"column":0},"end":{"line":9,"column":43}},"3":{"start":{"line":10,"column":0},"end":{"line":10,"column":41}},"4":{"start":{"line":20,"column":0},"end":{"line":196,"column":3}},"5":{"start":{"line":64,"column":2},"end":{"line":66,"column":3}},"6":{"start":{"line":65,"column":3},"end":{"line":65,"column":90}},"7":{"start":{"line":68,"column":2},"end":{"line":68,"column":17}},"8":{"start":{"line":70,"column":2},"end":{"line":70,"column":18}},"9":{"start":{"line":72,"column":2},"end":{"line":72,"column":26}},"10":{"start":{"line":73,"column":2},"end":{"line":73,"column":33}},"11":{"start":{"line":75,"column":2},"end":{"line":75,"column":21}},"12":{"start":{"line":77,"column":2},"end":{"line":77,"column":30}},"13":{"start":{"line":78,"column":2},"end":{"line":78,"column":33}},"14":{"start":{"line":80,"column":2},"end":{"line":80,"column":14}},"15":{"start":{"line":90,"column":2},"end":{"line":90,"column":17}},"16":{"start":{"line":91,"column":2},"end":{"line":91,"column":27}},"17":{"start":{"line":93,"column":2},"end":{"line":93,"column":24}},"18":{"start":{"line":102,"column":2},"end":{"line":108,"column":5}},"19":{"start":{"line":103,"column":3},"end":{"line":103,"column":23}},"20":{"start":{"line":105,"column":3},"end":{"line":105,"column":23}},"21":{"start":{"line":107,"column":3},"end":{"line":107,"column":24}},"22":{"start":{"line":117,"column":2},"end":{"line":117,"column":28}},"23":{"start":{"line":119,"column":2},"end":{"line":119,"column":30}},"24":{"start":{"line":120,"column":2},"end":{"line":120,"column":21}},"25":{"start":{"line":121,"column":2},"end":{"line":121,"column":30}},"26":{"start":{"line":123,"column":2},"end":{"line":136,"column":5}},"27":{"start":{"line":125,"column":3},"end":{"line":135,"column":4}},"28":{"start":{"line":126,"column":4},"end":{"line":126,"column":27}},"29":{"start":{"line":128,"column":4},"end":{"line":132,"column":7}},"30":{"start":{"line":129,"column":5},"end":{"line":129,"column":29}},"31":{"start":{"line":130,"column":5},"end":{"line":130,"column":20}},"32":{"start":{"line":131,"column":5},"end":{"line":131,"column":24}},"33":{"start":{"line":134,"column":4},"end":{"line":134,"column":28}},"34":{"start":{"line":138,"column":2},"end":{"line":141,"column":3}},"35":{"start":{"line":139,"column":3},"end":{"line":139,"column":22}},"36":{"start":{"line":140,"column":3},"end":{"line":140,"column":34}},"37":{"start":{"line":150,"column":2},"end":{"line":154,"column":5}},"38":{"start":{"line":152,"column":3},"end":{"line":152,"column":17}},"39":{"start":{"line":153,"column":3},"end":{"line":153,"column":18}},"40":{"start":{"line":156,"column":2},"end":{"line":156,"column":28}},"41":{"start":{"line":165,"column":2},"end":{"line":165,"column":21}},"42":{"start":{"line":167,"column":2},"end":{"line":167,"column":55}},"43":{"start":{"line":167,"column":38},"end":{"line":167,"column":53}},"44":{"start":{"line":170,"column":2},"end":{"line":193,"column":3}},"45":{"start":{"line":171,"column":3},"end":{"line":192,"column":6}},"46":{"start":{"line":173,"column":4},"end":{"line":175,"column":5}},"47":{"start":{"line":174,"column":5},"end":{"line":174,"column":33}},"48":{"start":{"line":177,"column":4},"end":{"line":179,"column":5}},"49":{"start":{"line":178,"column":5},"end":{"line":178,"column":12}},"50":{"start":{"line":181,"column":4},"end":{"line":191,"column":5}},"51":{"start":{"line":183,"column":5},"end":{"line":183,"column":83}},"52":{"start":{"line":186,"column":5},"end":{"line":186,"column":41}},"53":{"start":{"line":187,"column":5},"end":{"line":187,"column":22}},"54":{"start":{"line":188,"column":5},"end":{"line":188,"column":26}},"55":{"start":{"line":190,"column":5},"end":{"line":190,"column":26}},"56":{"start":{"line":198,"column":0},"end":{"line":198,"column":26}}},"branchMap":{"1":{"line":64,"type":"if","locations":[{"start":{"line":64,"column":2},"end":{"line":64,"column":2}},{"start":{"line":64,"column":2},"end":{"line":64,"column":2}}]},"2":{"line":125,"type":"if","locations":[{"start":{"line":125,"column":3},"end":{"line":125,"column":3}},{"start":{"line":125,"column":3},"end":{"line":125,"column":3}}]},"3":{"line":125,"type":"binary-expr","locations":[{"start":{"line":125,"column":7},"end":{"line":125,"column":11}},{"start":{"line":125,"column":15},"end":{"line":125,"column":39}}]},"4":{"line":138,"type":"if","locations":[{"start":{"line":138,"column":2},"end":{"line":138,"column":2}},{"start":{"line":138,"column":2},"end":{"line":138,"column":2}}]},"5":{"line":173,"type":"if","locations":[{"start":{"line":173,"column":4},"end":{"line":173,"column":4}},{"start":{"line":173,"column":4},"end":{"line":173,"column":4}}]},"6":{"line":177,"type":"if","locations":[{"start":{"line":177,"column":4},"end":{"line":177,"column":4}},{"start":{"line":177,"column":4},"end":{"line":177,"column":4}}]},"7":{"line":181,"type":"if","locations":[{"start":{"line":181,"column":4},"end":{"line":181,"column":4}},{"start":{"line":181,"column":4},"end":{"line":181,"column":4}}]}}},"/home/valerii/art/dev/js/inheritance-diagram/master/src/rendering.js":{"path":"/home/valerii/art/dev/js/inheritance-diagram/master/src/rendering.js","s":{"1":1,"2":1,"3":1,"4":1,"5":1,"6":22,"7":1,"8":1,"9":23,"10":23,"11":23,"12":46,"13":10,"14":36,"15":11,"16":25,"17":25,"18":25,"19":25,"20":25,"21":25,"22":25,"23":25,"24":25,"25":93,"26":139,"27":17,"28":122,"29":122,"30":46,"31":122,"32":40,"33":122,"34":25,"35":122,"36":72,"37":25,"38":25,"39":25,"40":25,"41":25,"42":25,"43":25,"44":122,"45":122,"46":122,"47":122,"48":122,"49":122,"50":122,"51":97,"52":28,"53":69,"54":122,"55":122,"56":122,"57":122,"58":244,"59":122,"60":122,"61":25,"62":25,"63":10,"64":10,"65":8,"66":25,"67":25,"68":20,"69":84,"70":59,"71":59,"72":20,"73":77,"74":20,"75":20,"76":20,"77":20,"78":77,"79":77,"80":77,"81":20,"82":20,"83":77,"84":77,"85":1},"b":{"1":[10,36],"2":[11,25],"3":[17,122],"4":[46,76],"5":[40,82],"6":[25,97],"7":[72,50],"8":[97,25],"9":[28,69],"10":[10,15],"11":[10,10],"12":[32,45]},"f":{"1":22,"2":1,"3":23,"4":46,"5":122,"6":25,"7":84,"8":20,"9":77,"10":20,"11":77,"12":20,"13":77},"fnMap":{"1":{"name":"(anonymous_1)","line":21,"loc":{"start":{"line":21,"column":32},"end":{"line":21,"column":43}}},"2":{"name":"(anonymous_2)","line":89,"loc":{"start":{"line":89,"column":14},"end":{"line":89,"column":27}}},"3":{"name":"(anonymous_3)","line":98,"loc":{"start":{"line":98,"column":8},"end":{"line":98,"column":11}}},"4":{"name":"(anonymous_4)","line":118,"loc":{"start":{"line":118,"column":8},"end":{"line":118,"column":20}}},"5":{"name":"(anonymous_5)","line":204,"loc":{"start":{"line":204,"column":11},"end":{"line":204,"column":32}}},"6":{"name":"(anonymous_6)","line":265,"loc":{"start":{"line":265,"column":18},"end":{"line":265,"column":51}}},"7":{"name":"(anonymous_7)","line":294,"loc":{"start":{"line":294,"column":17},"end":{"line":294,"column":51}}},"8":{"name":"(anonymous_8)","line":314,"loc":{"start":{"line":314,"column":28},"end":{"line":314,"column":81}}},"9":{"name":"(anonymous_9)","line":337,"loc":{"start":{"line":337,"column":26},"end":{"line":337,"column":79}}},"10":{"name":"(anonymous_10)","line":357,"loc":{"start":{"line":357,"column":21},"end":{"line":357,"column":36}}},"11":{"name":"(anonymous_11)","line":376,"loc":{"start":{"line":376,"column":19},"end":{"line":376,"column":34}}},"12":{"name":"(anonymous_12)","line":394,"loc":{"start":{"line":394,"column":30},"end":{"line":394,"column":38}}},"13":{"name":"(anonymous_13)","line":410,"loc":{"start":{"line":410,"column":28},"end":{"line":410,"column":36}}}},"statementMap":{"1":{"start":{"line":8,"column":0},"end":{"line":8,"column":45}},"2":{"start":{"line":9,"column":0},"end":{"line":9,"column":43}},"3":{"start":{"line":10,"column":0},"end":{"line":10,"column":35}},"4":{"start":{"line":11,"column":0},"end":{"line":11,"column":46}},"5":{"start":{"line":21,"column":0},"end":{"line":416,"column":3}},"6":{"start":{"line":22,"column":1},"end":{"line":22,"column":16}},"7":{"start":{"line":90,"column":2},"end":{"line":90,"column":56}},"8":{"start":{"line":92,"column":2},"end":{"line":92,"column":17}},"9":{"start":{"line":99,"column":2},"end":{"line":99,"column":53}},"10":{"start":{"line":103,"column":2},"end":{"line":103,"column":62}},"11":{"start":{"line":104,"column":2},"end":{"line":104,"column":61}},"12":{"start":{"line":119,"column":2},"end":{"line":121,"column":3}},"13":{"start":{"line":120,"column":3},"end":{"line":120,"column":61}},"14":{"start":{"line":122,"column":2},"end":{"line":124,"column":3}},"15":{"start":{"line":123,"column":3},"end":{"line":123,"column":76}},"16":{"start":{"line":126,"column":2},"end":{"line":126,"column":22}},"17":{"start":{"line":127,"column":2},"end":{"line":127,"column":23}},"18":{"start":{"line":128,"column":2},"end":{"line":128,"column":22}},"19":{"start":{"line":129,"column":2},"end":{"line":129,"column":23}},"20":{"start":{"line":133,"column":2},"end":{"line":133,"column":41}},"21":{"start":{"line":134,"column":2},"end":{"line":134,"column":44}},"22":{"start":{"line":135,"column":2},"end":{"line":135,"column":40}},"23":{"start":{"line":136,"column":2},"end":{"line":136,"column":40}},"24":{"start":{"line":141,"column":2},"end":{"line":163,"column":5}},"25":{"start":{"line":142,"column":3},"end":{"line":162,"column":6}},"26":{"start":{"line":143,"column":4},"end":{"line":145,"column":5}},"27":{"start":{"line":144,"column":5},"end":{"line":144,"column":12}},"28":{"start":{"line":147,"column":4},"end":{"line":147,"column":38}},"29":{"start":{"line":150,"column":4},"end":{"line":152,"column":5}},"30":{"start":{"line":151,"column":5},"end":{"line":151,"column":19}},"31":{"start":{"line":153,"column":4},"end":{"line":155,"column":5}},"32":{"start":{"line":154,"column":5},"end":{"line":154,"column":19}},"33":{"start":{"line":156,"column":4},"end":{"line":158,"column":5}},"34":{"start":{"line":157,"column":5},"end":{"line":157,"column":19}},"35":{"start":{"line":159,"column":4},"end":{"line":161,"column":5}},"36":{"start":{"line":160,"column":5},"end":{"line":160,"column":19}},"37":{"start":{"line":167,"column":2},"end":{"line":167,"column":51}},"38":{"start":{"line":168,"column":2},"end":{"line":174,"column":94}},"39":{"start":{"line":179,"column":2},"end":{"line":179,"column":51}},"40":{"start":{"line":184,"column":2},"end":{"line":189,"column":27}},"41":{"start":{"line":191,"column":2},"end":{"line":191,"column":47}},"42":{"start":{"line":192,"column":2},"end":{"line":192,"column":104}},"43":{"start":{"line":195,"column":2},"end":{"line":195,"column":22}},"44":{"start":{"line":205,"column":2},"end":{"line":205,"column":59}},"45":{"start":{"line":206,"column":2},"end":{"line":206,"column":28}},"46":{"start":{"line":210,"column":2},"end":{"line":210,"column":57}},"47":{"start":{"line":211,"column":2},"end":{"line":211,"column":26}},"48":{"start":{"line":216,"column":2},"end":{"line":216,"column":44}},"49":{"start":{"line":217,"column":2},"end":{"line":217,"column":25}},"50":{"start":{"line":222,"column":2},"end":{"line":229,"column":3}},"51":{"start":{"line":223,"column":3},"end":{"line":228,"column":4}},"52":{"start":{"line":224,"column":4},"end":{"line":225,"column":41}},"53":{"start":{"line":227,"column":4},"end":{"line":227,"column":27}},"54":{"start":{"line":232,"column":2},"end":{"line":234,"column":57}},"55":{"start":{"line":239,"column":2},"end":{"line":241,"column":38}},"56":{"start":{"line":246,"column":2},"end":{"line":246,"column":41}},"57":{"start":{"line":247,"column":2},"end":{"line":249,"column":3}},"58":{"start":{"line":248,"column":3},"end":{"line":248,"column":34}},"59":{"start":{"line":250,"column":2},"end":{"line":250,"column":26}},"60":{"start":{"line":253,"column":2},"end":{"line":253,"column":18}},"61":{"start":{"line":267,"column":2},"end":{"line":267,"column":38}},"62":{"start":{"line":269,"column":2},"end":{"line":275,"column":3}},"63":{"start":{"line":270,"column":3},"end":{"line":270,"column":92}},"64":{"start":{"line":272,"column":3},"end":{"line":274,"column":4}},"65":{"start":{"line":273,"column":4},"end":{"line":273,"column":108}},"66":{"start":{"line":279,"column":2},"end":{"line":279,"column":56}},"67":{"start":{"line":282,"column":2},"end":{"line":284,"column":5}},"68":{"start":{"line":283,"column":3},"end":{"line":283,"column":84}},"69":{"start":{"line":295,"column":2},"end":{"line":299,"column":5}},"70":{"start":{"line":296,"column":3},"end":{"line":296,"column":83}},"71":{"start":{"line":298,"column":3},"end":{"line":298,"column":59}},"72":{"start":{"line":315,"column":2},"end":{"line":322,"column":24}},"73":{"start":{"line":338,"column":2},"end":{"line":345,"column":24}},"74":{"start":{"line":358,"column":2},"end":{"line":358,"column":53}},"75":{"start":{"line":359,"column":2},"end":{"line":359,"column":126}},"76":{"start":{"line":360,"column":2},"end":{"line":360,"column":49}},"77":{"start":{"line":362,"column":2},"end":{"line":364,"column":64}},"78":{"start":{"line":377,"column":2},"end":{"line":377,"column":53}},"79":{"start":{"line":378,"column":2},"end":{"line":378,"column":128}},"80":{"start":{"line":380,"column":2},"end":{"line":382,"column":73}},"81":{"start":{"line":395,"column":2},"end":{"line":395,"column":53}},"82":{"start":{"line":398,"column":2},"end":{"line":398,"column":71}},"83":{"start":{"line":411,"column":2},"end":{"line":411,"column":53}},"84":{"start":{"line":414,"column":2},"end":{"line":414,"column":70}},"85":{"start":{"line":418,"column":0},"end":{"line":418,"column":27}}},"branchMap":{"1":{"line":119,"type":"if","locations":[{"start":{"line":119,"column":2},"end":{"line":119,"column":2}},{"start":{"line":119,"column":2},"end":{"line":119,"column":2}}]},"2":{"line":122,"type":"if","locations":[{"start":{"line":122,"column":2},"end":{"line":122,"column":2}},{"start":{"line":122,"column":2},"end":{"line":122,"column":2}}]},"3":{"line":143,"type":"if","locations":[{"start":{"line":143,"column":4},"end":{"line":143,"column":4}},{"start":{"line":143,"column":4},"end":{"line":143,"column":4}}]},"4":{"line":150,"type":"if","locations":[{"start":{"line":150,"column":4},"end":{"line":150,"column":4}},{"start":{"line":150,"column":4},"end":{"line":150,"column":4}}]},"5":{"line":153,"type":"if","locations":[{"start":{"line":153,"column":4},"end":{"line":153,"column":4}},{"start":{"line":153,"column":4},"end":{"line":153,"column":4}}]},"6":{"line":156,"type":"if","locations":[{"start":{"line":156,"column":4},"end":{"line":156,"column":4}},{"start":{"line":156,"column":4},"end":{"line":156,"column":4}}]},"7":{"line":159,"type":"if","locations":[{"start":{"line":159,"column":4},"end":{"line":159,"column":4}},{"start":{"line":159,"column":4},"end":{"line":159,"column":4}}]},"8":{"line":222,"type":"if","locations":[{"start":{"line":222,"column":2},"end":{"line":222,"column":2}},{"start":{"line":222,"column":2},"end":{"line":222,"column":2}}]},"9":{"line":223,"type":"if","locations":[{"start":{"line":223,"column":3},"end":{"line":223,"column":3}},{"start":{"line":223,"column":3},"end":{"line":223,"column":3}}]},"10":{"line":269,"type":"if","locations":[{"start":{"line":269,"column":2},"end":{"line":269,"column":2}},{"start":{"line":269,"column":2},"end":{"line":269,"column":2}}]},"11":{"line":362,"type":"cond-expr","locations":[{"start":{"line":363,"column":5},"end":{"line":363,"column":26}},{"start":{"line":364,"column":5},"end":{"line":364,"column":63}}]},"12":{"line":380,"type":"cond-expr","locations":[{"start":{"line":381,"column":5},"end":{"line":381,"column":26}},{"start":{"line":382,"column":5},"end":{"line":382,"column":72}}]}}},"/home/valerii/art/dev/js/inheritance-diagram/master/src/outputAdapter.js":{"path":"/home/valerii/art/dev/js/inheritance-diagram/master/src/outputAdapter.js","s":{"1":1,"2":1,"3":1,"4":26,"5":26,"6":26,"7":1,"8":26,"9":26,"10":1},"b":{"1":[1,25]},"f":{"1":26},"fnMap":{"1":{"name":"(anonymous_1)","line":52,"loc":{"start":{"line":52,"column":8},"end":{"line":52,"column":26}}}},"statementMap":{"1":{"start":{"line":8,"column":0},"end":{"line":8,"column":45}},"2":{"start":{"line":9,"column":0},"end":{"line":9,"column":43}},"3":{"start":{"line":18,"column":0},"end":{"line":72,"column":3}},"4":{"start":{"line":54,"column":2},"end":{"line":57,"column":25}},"5":{"start":{"line":61,"column":2},"end":{"line":61,"column":47}},"6":{"start":{"line":62,"column":2},"end":{"line":64,"column":3}},"7":{"start":{"line":63,"column":3},"end":{"line":63,"column":58}},"8":{"start":{"line":65,"column":2},"end":{"line":67,"column":39}},"9":{"start":{"line":70,"column":2},"end":{"line":70,"column":32}},"10":{"start":{"line":74,"column":0},"end":{"line":74,"column":31}}},"branchMap":{"1":{"line":62,"type":"if","locations":[{"start":{"line":62,"column":2},"end":{"line":62,"column":2}},{"start":{"line":62,"column":2},"end":{"line":62,"column":2}}]}}}}