{"/home/valerii/art/dev/js/inheritance-diagram/gh-pages/src/main.js":{"path":"/home/valerii/art/dev/js/inheritance-diagram/gh-pages/src/main.js","s":{"1":1,"2":1,"3":1,"4":1,"5":1,"6":1,"7":1,"8":21,"9":21,"10":21,"11":21,"12":21,"13":21,"14":21,"15":21,"16":21,"17":21,"18":21,"19":21,"20":21,"21":84,"22":84,"23":84,"24":21,"25":21,"26":1},"b":{"1":[21,0],"2":[21,21]},"f":{"1":21,"2":84,"3":21},"fnMap":{"1":{"name":"(anonymous_1)","line":27,"loc":{"start":{"line":27,"column":20},"end":{"line":27,"column":61}}},"2":{"name":"(anonymous_2)","line":66,"loc":{"start":{"line":66,"column":22},"end":{"line":66,"column":51}}},"3":{"name":"(anonymous_3)","line":119,"loc":{"start":{"line":119,"column":12},"end":{"line":119,"column":23}}}},"statementMap":{"1":{"start":{"line":8,"column":0},"end":{"line":8,"column":43}},"2":{"start":{"line":10,"column":0},"end":{"line":10,"column":45}},"3":{"start":{"line":11,"column":0},"end":{"line":11,"column":37}},"4":{"start":{"line":12,"column":0},"end":{"line":12,"column":39}},"5":{"start":{"line":13,"column":0},"end":{"line":13,"column":47}},"6":{"start":{"line":15,"column":0},"end":{"line":15,"column":51}},"7":{"start":{"line":27,"column":0},"end":{"line":122,"column":3}},"8":{"start":{"line":28,"column":1},"end":{"line":28,"column":37}},"9":{"start":{"line":31,"column":1},"end":{"line":36,"column":2}},"10":{"start":{"line":32,"column":2},"end":{"line":32,"column":40}},"11":{"start":{"line":33,"column":2},"end":{"line":33,"column":42}},"12":{"start":{"line":34,"column":2},"end":{"line":34,"column":40}},"13":{"start":{"line":35,"column":2},"end":{"line":35,"column":41}},"14":{"start":{"line":39,"column":1},"end":{"line":39,"column":62}},"15":{"start":{"line":40,"column":1},"end":{"line":65,"column":3}},"16":{"start":{"line":44,"column":4},"end":{"line":44,"column":56}},"17":{"start":{"line":50,"column":4},"end":{"line":50,"column":39}},"18":{"start":{"line":56,"column":4},"end":{"line":56,"column":57}},"19":{"start":{"line":62,"column":4},"end":{"line":62,"column":58}},"20":{"start":{"line":66,"column":1},"end":{"line":73,"column":4}},"21":{"start":{"line":68,"column":2},"end":{"line":68,"column":89}},"22":{"start":{"line":70,"column":2},"end":{"line":70,"column":23}},"23":{"start":{"line":72,"column":2},"end":{"line":72,"column":33}},"24":{"start":{"line":74,"column":1},"end":{"line":74,"column":32}},"25":{"start":{"line":120,"column":2},"end":{"line":120,"column":18}},"26":{"start":{"line":124,"column":0},"end":{"line":124,"column":25}}},"branchMap":{"1":{"line":31,"type":"if","locations":[{"start":{"line":31,"column":1},"end":{"line":31,"column":1}},{"start":{"line":31,"column":1},"end":{"line":31,"column":1}}]},"2":{"line":31,"type":"binary-expr","locations":[{"start":{"line":31,"column":5},"end":{"line":31,"column":12}},{"start":{"line":31,"column":16},"end":{"line":31,"column":41}}]}}},"/home/valerii/art/dev/js/inheritance-diagram/gh-pages/src/inputAdapter.js":{"path":"/home/valerii/art/dev/js/inheritance-diagram/gh-pages/src/inputAdapter.js","s":{"1":1,"2":1,"3":1,"4":1,"5":21,"6":0,"7":21,"8":0,"9":21,"10":21,"11":0,"12":21,"13":21,"14":21,"15":15,"16":15,"17":15,"18":6,"19":15,"20":21,"21":42,"22":42,"23":42,"24":32,"25":47,"26":47,"27":6,"28":47,"29":1},"b":{"1":[0,21],"2":[0,21],"3":[0,21],"4":[9,12],"5":[6,9],"6":[15,9],"7":[6,41],"8":[47,24]},"f":{"1":21,"2":15,"3":21,"4":47},"fnMap":{"1":{"name":"(anonymous_1)","line":56,"loc":{"start":{"line":56,"column":10},"end":{"line":56,"column":33}}},"2":{"name":"(anonymous_2)","line":90,"loc":{"start":{"line":90,"column":22},"end":{"line":90,"column":46}}},"3":{"name":"(anonymous_3)","line":109,"loc":{"start":{"line":109,"column":21},"end":{"line":109,"column":40}}},"4":{"name":"(anonymous_4)","line":132,"loc":{"start":{"line":132,"column":19},"end":{"line":132,"column":49}}}},"statementMap":{"1":{"start":{"line":8,"column":0},"end":{"line":8,"column":43}},"2":{"start":{"line":9,"column":0},"end":{"line":9,"column":41}},"3":{"start":{"line":10,"column":0},"end":{"line":10,"column":39}},"4":{"start":{"line":23,"column":0},"end":{"line":148,"column":3}},"5":{"start":{"line":57,"column":2},"end":{"line":59,"column":3}},"6":{"start":{"line":58,"column":3},"end":{"line":58,"column":68}},"7":{"start":{"line":60,"column":2},"end":{"line":62,"column":3}},"8":{"start":{"line":61,"column":3},"end":{"line":61,"column":87}},"9":{"start":{"line":64,"column":2},"end":{"line":64,"column":29}},"10":{"start":{"line":65,"column":2},"end":{"line":67,"column":3}},"11":{"start":{"line":66,"column":3},"end":{"line":66,"column":89}},"12":{"start":{"line":69,"column":2},"end":{"line":73,"column":5}},"13":{"start":{"line":75,"column":2},"end":{"line":75,"column":36}},"14":{"start":{"line":77,"column":2},"end":{"line":77,"column":13}},"15":{"start":{"line":91,"column":2},"end":{"line":91,"column":27}},"16":{"start":{"line":93,"column":2},"end":{"line":93,"column":63}},"17":{"start":{"line":95,"column":2},"end":{"line":97,"column":3}},"18":{"start":{"line":96,"column":3},"end":{"line":96,"column":68}},"19":{"start":{"line":99,"column":2},"end":{"line":99,"column":15}},"20":{"start":{"line":110,"column":2},"end":{"line":121,"column":5}},"21":{"start":{"line":114,"column":3},"end":{"line":114,"column":39}},"22":{"start":{"line":115,"column":3},"end":{"line":115,"column":26}},"23":{"start":{"line":117,"column":3},"end":{"line":120,"column":6}},"24":{"start":{"line":119,"column":4},"end":{"line":119,"column":65}},"25":{"start":{"line":133,"column":2},"end":{"line":133,"column":27}},"26":{"start":{"line":137,"column":2},"end":{"line":141,"column":3}},"27":{"start":{"line":138,"column":3},"end":{"line":140,"column":5}},"28":{"start":{"line":143,"column":2},"end":{"line":146,"column":5}},"29":{"start":{"line":150,"column":0},"end":{"line":150,"column":30}}},"branchMap":{"1":{"line":57,"type":"if","locations":[{"start":{"line":57,"column":2},"end":{"line":57,"column":2}},{"start":{"line":57,"column":2},"end":{"line":57,"column":2}}]},"2":{"line":60,"type":"if","locations":[{"start":{"line":60,"column":2},"end":{"line":60,"column":2}},{"start":{"line":60,"column":2},"end":{"line":60,"column":2}}]},"3":{"line":65,"type":"if","locations":[{"start":{"line":65,"column":2},"end":{"line":65,"column":2}},{"start":{"line":65,"column":2},"end":{"line":65,"column":2}}]},"4":{"line":72,"type":"cond-expr","locations":[{"start":{"line":72,"column":33},"end":{"line":72,"column":78}},{"start":{"line":72,"column":81},"end":{"line":72,"column":90}}]},"5":{"line":95,"type":"if","locations":[{"start":{"line":95,"column":2},"end":{"line":95,"column":2}},{"start":{"line":95,"column":2},"end":{"line":95,"column":2}}]},"6":{"line":95,"type":"binary-expr","locations":[{"start":{"line":95,"column":6},"end":{"line":95,"column":10}},{"start":{"line":95,"column":14},"end":{"line":95,"column":25}}]},"7":{"line":137,"type":"if","locations":[{"start":{"line":137,"column":2},"end":{"line":137,"column":2}},{"start":{"line":137,"column":2},"end":{"line":137,"column":2}}]},"8":{"line":137,"type":"binary-expr","locations":[{"start":{"line":137,"column":6},"end":{"line":137,"column":11}},{"start":{"line":137,"column":15},"end":{"line":137,"column":54}}]}}},"/home/valerii/art/dev/js/inheritance-diagram/gh-pages/src/ProcessingNode.js":{"path":"/home/valerii/art/dev/js/inheritance-diagram/gh-pages/src/ProcessingNode.js","s":{"1":1,"2":1,"3":1,"4":4,"5":0,"6":84,"7":1},"b":{"1":[0,4]},"f":{"1":4,"2":84,"3":0},"fnMap":{"1":{"name":"(anonymous_1)","line":20,"loc":{"start":{"line":20,"column":27},"end":{"line":20,"column":48}}},"2":{"name":"(anonymous_2)","line":37,"loc":{"start":{"line":37,"column":16},"end":{"line":37,"column":37}}},"3":{"name":"(anonymous_3)","line":46,"loc":{"start":{"line":46,"column":10},"end":{"line":46,"column":21}}}},"statementMap":{"1":{"start":{"line":8,"column":0},"end":{"line":8,"column":43}},"2":{"start":{"line":9,"column":0},"end":{"line":9,"column":43}},"3":{"start":{"line":20,"column":0},"end":{"line":47,"column":3}},"4":{"start":{"line":21,"column":1},"end":{"line":23,"column":2}},"5":{"start":{"line":22,"column":2},"end":{"line":22,"column":33}},"6":{"start":{"line":38,"column":2},"end":{"line":38,"column":46}},"7":{"start":{"line":49,"column":0},"end":{"line":49,"column":32}}},"branchMap":{"1":{"line":21,"type":"if","locations":[{"start":{"line":21,"column":1},"end":{"line":21,"column":1}},{"start":{"line":21,"column":1},"end":{"line":21,"column":1}}]}}},"/home/valerii/art/dev/js/inheritance-diagram/gh-pages/src/GraphNode.js":{"path":"/home/valerii/art/dev/js/inheritance-diagram/gh-pages/src/GraphNode.js","s":{"1":1,"2":1,"3":68,"4":50,"5":50,"6":16,"7":50,"8":9,"9":50,"10":9,"11":68,"12":68,"13":157,"14":157,"15":12,"16":145,"17":1},"b":{"1":[50,18],"2":[16,34],"3":[9,41],"4":[9,41],"5":[68,0],"6":[12,145],"7":[157,145]},"f":{"1":68},"fnMap":{"1":{"name":"(anonymous_1)","line":19,"loc":{"start":{"line":19,"column":22},"end":{"line":19,"column":49}}}},"statementMap":{"1":{"start":{"line":8,"column":0},"end":{"line":8,"column":43}},"2":{"start":{"line":19,"column":0},"end":{"line":117,"column":3}},"3":{"start":{"line":20,"column":1},"end":{"line":35,"column":2}},"4":{"start":{"line":21,"column":2},"end":{"line":21,"column":19}},"5":{"start":{"line":25,"column":2},"end":{"line":27,"column":3}},"6":{"start":{"line":26,"column":3},"end":{"line":26,"column":29}},"7":{"start":{"line":28,"column":2},"end":{"line":30,"column":3}},"8":{"start":{"line":29,"column":3},"end":{"line":29,"column":33}},"9":{"start":{"line":31,"column":2},"end":{"line":33,"column":3}},"10":{"start":{"line":32,"column":3},"end":{"line":32,"column":27}},"11":{"start":{"line":37,"column":1},"end":{"line":46,"column":2}},"12":{"start":{"line":38,"column":2},"end":{"line":45,"column":5}},"13":{"start":{"line":39,"column":3},"end":{"line":39,"column":36}},"14":{"start":{"line":40,"column":3},"end":{"line":42,"column":4}},"15":{"start":{"line":41,"column":4},"end":{"line":41,"column":11}},"16":{"start":{"line":44,"column":3},"end":{"line":44,"column":26}},"17":{"start":{"line":119,"column":0},"end":{"line":119,"column":27}}},"branchMap":{"1":{"line":20,"type":"if","locations":[{"start":{"line":20,"column":1},"end":{"line":20,"column":1}},{"start":{"line":20,"column":1},"end":{"line":20,"column":1}}]},"2":{"line":25,"type":"if","locations":[{"start":{"line":25,"column":2},"end":{"line":25,"column":2}},{"start":{"line":25,"column":2},"end":{"line":25,"column":2}}]},"3":{"line":28,"type":"if","locations":[{"start":{"line":28,"column":2},"end":{"line":28,"column":2}},{"start":{"line":28,"column":2},"end":{"line":28,"column":2}}]},"4":{"line":31,"type":"if","locations":[{"start":{"line":31,"column":2},"end":{"line":31,"column":2}},{"start":{"line":31,"column":2},"end":{"line":31,"column":2}}]},"5":{"line":37,"type":"if","locations":[{"start":{"line":37,"column":1},"end":{"line":37,"column":1}},{"start":{"line":37,"column":1},"end":{"line":37,"column":1}}]},"6":{"line":40,"type":"if","locations":[{"start":{"line":40,"column":3},"end":{"line":40,"column":3}},{"start":{"line":40,"column":3},"end":{"line":40,"column":3}}]},"7":{"line":40,"type":"binary-expr","locations":[{"start":{"line":40,"column":7},"end":{"line":40,"column":35}},{"start":{"line":40,"column":39},"end":{"line":40,"column":75}}]}}},"/home/valerii/art/dev/js/inheritance-diagram/gh-pages/src/position.js":{"path":"/home/valerii/art/dev/js/inheritance-diagram/gh-pages/src/position.js","s":{"1":1,"2":1,"3":1,"4":1,"5":21,"6":0,"7":21,"8":21,"9":21,"10":21,"11":21,"12":21,"13":21,"14":21,"15":21,"16":15,"17":15,"18":21,"19":21,"20":16,"21":16,"22":21,"23":21,"24":16,"25":16,"26":1},"b":{"1":[0,21],"2":[21,12]},"f":{"1":21,"2":21,"3":21,"4":21,"5":21},"fnMap":{"1":{"name":"(anonymous_1)","line":63,"loc":{"start":{"line":63,"column":10},"end":{"line":63,"column":24}}},"2":{"name":"(anonymous_2)","line":79,"loc":{"start":{"line":79,"column":15},"end":{"line":79,"column":26}}},"3":{"name":"(anonymous_3)","line":88,"loc":{"start":{"line":88,"column":19},"end":{"line":88,"column":30}}},"4":{"name":"(anonymous_4)","line":100,"loc":{"start":{"line":100,"column":22},"end":{"line":100,"column":33}}},"5":{"name":"(anonymous_5)","line":113,"loc":{"start":{"line":113,"column":22},"end":{"line":113,"column":33}}}},"statementMap":{"1":{"start":{"line":8,"column":0},"end":{"line":8,"column":43}},"2":{"start":{"line":9,"column":0},"end":{"line":9,"column":41}},"3":{"start":{"line":10,"column":0},"end":{"line":10,"column":39}},"4":{"start":{"line":21,"column":0},"end":{"line":124,"column":3}},"5":{"start":{"line":64,"column":2},"end":{"line":66,"column":3}},"6":{"start":{"line":65,"column":3},"end":{"line":65,"column":90}},"7":{"start":{"line":68,"column":2},"end":{"line":68,"column":17}},"8":{"start":{"line":70,"column":2},"end":{"line":70,"column":22}},"9":{"start":{"line":71,"column":2},"end":{"line":71,"column":26}},"10":{"start":{"line":72,"column":2},"end":{"line":72,"column":29}},"11":{"start":{"line":73,"column":2},"end":{"line":73,"column":29}},"12":{"start":{"line":81,"column":2},"end":{"line":81,"column":57}},"13":{"start":{"line":82,"column":2},"end":{"line":82,"column":17}},"14":{"start":{"line":89,"column":2},"end":{"line":89,"column":23}},"15":{"start":{"line":90,"column":2},"end":{"line":94,"column":5}},"16":{"start":{"line":91,"column":3},"end":{"line":91,"column":14}},"17":{"start":{"line":93,"column":3},"end":{"line":93,"column":23}},"18":{"start":{"line":102,"column":2},"end":{"line":102,"column":31}},"19":{"start":{"line":104,"column":2},"end":{"line":107,"column":5}},"20":{"start":{"line":105,"column":3},"end":{"line":105,"column":18}},"21":{"start":{"line":106,"column":3},"end":{"line":106,"column":20}},"22":{"start":{"line":115,"column":2},"end":{"line":115,"column":70}},"23":{"start":{"line":117,"column":2},"end":{"line":122,"column":5}},"24":{"start":{"line":120,"column":3},"end":{"line":120,"column":17}},"25":{"start":{"line":121,"column":3},"end":{"line":121,"column":28}},"26":{"start":{"line":126,"column":0},"end":{"line":126,"column":26}}},"branchMap":{"1":{"line":64,"type":"if","locations":[{"start":{"line":64,"column":2},"end":{"line":64,"column":2}},{"start":{"line":64,"column":2},"end":{"line":64,"column":2}}]},"2":{"line":81,"type":"binary-expr","locations":[{"start":{"line":81,"column":17},"end":{"line":81,"column":41}},{"start":{"line":81,"column":45},"end":{"line":81,"column":46}}]}}},"/home/valerii/art/dev/js/inheritance-diagram/gh-pages/src/rendering.js":{"path":"/home/valerii/art/dev/js/inheritance-diagram/gh-pages/src/rendering.js","s":{"1":1,"2":1,"3":1,"4":1,"5":1,"6":21,"7":21,"8":22,"9":22,"10":22,"11":21,"12":21,"13":21,"14":21,"15":21,"16":21,"17":21,"18":21,"19":21,"20":68,"21":68,"22":33,"23":68,"24":25,"25":68,"26":37,"27":68,"28":32,"29":21,"30":21,"31":21,"32":21,"33":21,"34":21,"35":21,"36":68,"37":68,"38":68,"39":68,"40":68,"41":68,"42":68,"43":47,"44":29,"45":18,"46":68,"47":68,"48":68,"49":68,"50":136,"51":68,"52":68,"53":21,"54":21,"55":9,"56":9,"57":6,"58":21,"59":16,"60":21,"61":16,"62":16,"63":31,"64":16,"65":16,"66":16,"67":16,"68":31,"69":31,"70":31,"71":16,"72":16,"73":31,"74":31,"75":1},"b":{"1":[33,35],"2":[25,43],"3":[37,31],"4":[32,36],"5":[47,21],"6":[29,18],"7":[9,12],"8":[9,7],"9":[23,8]},"f":{"1":1,"2":21,"3":22,"4":21,"5":68,"6":21,"7":16,"8":31,"9":16,"10":31,"11":16,"12":31},"fnMap":{"1":{"name":"(anonymous_1)","line":23,"loc":{"start":{"line":23,"column":30},"end":{"line":23,"column":41}}},"2":{"name":"(anonymous_2)","line":90,"loc":{"start":{"line":90,"column":16},"end":{"line":90,"column":37}}},"3":{"name":"(anonymous_3)","line":99,"loc":{"start":{"line":99,"column":10},"end":{"line":99,"column":21}}},"4":{"name":"(anonymous_4)","line":115,"loc":{"start":{"line":115,"column":10},"end":{"line":115,"column":24}}},"5":{"name":"(anonymous_5)","line":189,"loc":{"start":{"line":189,"column":13},"end":{"line":189,"column":42}}},"6":{"name":"(anonymous_6)","line":249,"loc":{"start":{"line":249,"column":20},"end":{"line":249,"column":61}}},"7":{"name":"(anonymous_7)","line":285,"loc":{"start":{"line":285,"column":30},"end":{"line":285,"column":91}}},"8":{"name":"(anonymous_8)","line":308,"loc":{"start":{"line":308,"column":28},"end":{"line":308,"column":89}}},"9":{"name":"(anonymous_9)","line":328,"loc":{"start":{"line":328,"column":23},"end":{"line":328,"column":46}}},"10":{"name":"(anonymous_10)","line":347,"loc":{"start":{"line":347,"column":21},"end":{"line":347,"column":44}}},"11":{"name":"(anonymous_11)","line":365,"loc":{"start":{"line":365,"column":32},"end":{"line":365,"column":48}}},"12":{"name":"(anonymous_12)","line":381,"loc":{"start":{"line":381,"column":30},"end":{"line":381,"column":46}}}},"statementMap":{"1":{"start":{"line":8,"column":0},"end":{"line":8,"column":43}},"2":{"start":{"line":9,"column":0},"end":{"line":9,"column":41}},"3":{"start":{"line":10,"column":0},"end":{"line":10,"column":33}},"4":{"start":{"line":23,"column":0},"end":{"line":387,"column":3}},"5":{"start":{"line":24,"column":1},"end":{"line":24,"column":16}},"6":{"start":{"line":91,"column":2},"end":{"line":91,"column":56}},"7":{"start":{"line":93,"column":2},"end":{"line":93,"column":17}},"8":{"start":{"line":100,"column":2},"end":{"line":100,"column":53}},"9":{"start":{"line":104,"column":2},"end":{"line":104,"column":62}},"10":{"start":{"line":105,"column":2},"end":{"line":105,"column":61}},"11":{"start":{"line":116,"column":2},"end":{"line":116,"column":22}},"12":{"start":{"line":117,"column":2},"end":{"line":117,"column":23}},"13":{"start":{"line":118,"column":2},"end":{"line":118,"column":22}},"14":{"start":{"line":119,"column":2},"end":{"line":119,"column":23}},"15":{"start":{"line":123,"column":2},"end":{"line":123,"column":39}},"16":{"start":{"line":124,"column":2},"end":{"line":124,"column":42}},"17":{"start":{"line":125,"column":2},"end":{"line":125,"column":38}},"18":{"start":{"line":126,"column":2},"end":{"line":126,"column":38}},"19":{"start":{"line":131,"column":2},"end":{"line":148,"column":6}},"20":{"start":{"line":133,"column":4},"end":{"line":133,"column":38}},"21":{"start":{"line":136,"column":4},"end":{"line":138,"column":5}},"22":{"start":{"line":137,"column":5},"end":{"line":137,"column":19}},"23":{"start":{"line":139,"column":4},"end":{"line":141,"column":5}},"24":{"start":{"line":140,"column":5},"end":{"line":140,"column":19}},"25":{"start":{"line":142,"column":4},"end":{"line":144,"column":5}},"26":{"start":{"line":143,"column":5},"end":{"line":143,"column":19}},"27":{"start":{"line":145,"column":4},"end":{"line":147,"column":5}},"28":{"start":{"line":146,"column":5},"end":{"line":146,"column":19}},"29":{"start":{"line":152,"column":2},"end":{"line":152,"column":51}},"30":{"start":{"line":153,"column":2},"end":{"line":159,"column":94}},"31":{"start":{"line":164,"column":2},"end":{"line":164,"column":51}},"32":{"start":{"line":169,"column":2},"end":{"line":174,"column":27}},"33":{"start":{"line":176,"column":2},"end":{"line":176,"column":47}},"34":{"start":{"line":177,"column":2},"end":{"line":177,"column":104}},"35":{"start":{"line":180,"column":2},"end":{"line":180,"column":22}},"36":{"start":{"line":190,"column":2},"end":{"line":190,"column":59}},"37":{"start":{"line":191,"column":2},"end":{"line":191,"column":28}},"38":{"start":{"line":195,"column":2},"end":{"line":195,"column":57}},"39":{"start":{"line":196,"column":2},"end":{"line":196,"column":26}},"40":{"start":{"line":201,"column":2},"end":{"line":201,"column":42}},"41":{"start":{"line":202,"column":2},"end":{"line":202,"column":25}},"42":{"start":{"line":207,"column":2},"end":{"line":214,"column":3}},"43":{"start":{"line":208,"column":3},"end":{"line":213,"column":4}},"44":{"start":{"line":209,"column":4},"end":{"line":210,"column":41}},"45":{"start":{"line":212,"column":4},"end":{"line":212,"column":27}},"46":{"start":{"line":217,"column":2},"end":{"line":219,"column":57}},"47":{"start":{"line":223,"column":2},"end":{"line":225,"column":38}},"48":{"start":{"line":230,"column":2},"end":{"line":230,"column":39}},"49":{"start":{"line":231,"column":2},"end":{"line":233,"column":3}},"50":{"start":{"line":232,"column":3},"end":{"line":232,"column":34}},"51":{"start":{"line":234,"column":2},"end":{"line":234,"column":26}},"52":{"start":{"line":237,"column":2},"end":{"line":237,"column":18}},"53":{"start":{"line":251,"column":2},"end":{"line":251,"column":38}},"54":{"start":{"line":253,"column":2},"end":{"line":259,"column":3}},"55":{"start":{"line":254,"column":3},"end":{"line":254,"column":92}},"56":{"start":{"line":256,"column":3},"end":{"line":258,"column":4}},"57":{"start":{"line":257,"column":4},"end":{"line":257,"column":108}},"58":{"start":{"line":263,"column":2},"end":{"line":265,"column":5}},"59":{"start":{"line":264,"column":3},"end":{"line":264,"column":82}},"60":{"start":{"line":268,"column":2},"end":{"line":270,"column":5}},"61":{"start":{"line":269,"column":3},"end":{"line":269,"column":84}},"62":{"start":{"line":286,"column":2},"end":{"line":293,"column":24}},"63":{"start":{"line":309,"column":2},"end":{"line":316,"column":24}},"64":{"start":{"line":329,"column":2},"end":{"line":329,"column":53}},"65":{"start":{"line":330,"column":2},"end":{"line":330,"column":75}},"66":{"start":{"line":331,"column":2},"end":{"line":331,"column":99}},"67":{"start":{"line":333,"column":2},"end":{"line":335,"column":64}},"68":{"start":{"line":348,"column":2},"end":{"line":348,"column":53}},"69":{"start":{"line":349,"column":2},"end":{"line":349,"column":128}},"70":{"start":{"line":351,"column":2},"end":{"line":353,"column":73}},"71":{"start":{"line":366,"column":2},"end":{"line":366,"column":53}},"72":{"start":{"line":369,"column":2},"end":{"line":369,"column":71}},"73":{"start":{"line":382,"column":2},"end":{"line":382,"column":53}},"74":{"start":{"line":385,"column":2},"end":{"line":385,"column":70}},"75":{"start":{"line":389,"column":0},"end":{"line":389,"column":27}}},"branchMap":{"1":{"line":136,"type":"if","locations":[{"start":{"line":136,"column":4},"end":{"line":136,"column":4}},{"start":{"line":136,"column":4},"end":{"line":136,"column":4}}]},"2":{"line":139,"type":"if","locations":[{"start":{"line":139,"column":4},"end":{"line":139,"column":4}},{"start":{"line":139,"column":4},"end":{"line":139,"column":4}}]},"3":{"line":142,"type":"if","locations":[{"start":{"line":142,"column":4},"end":{"line":142,"column":4}},{"start":{"line":142,"column":4},"end":{"line":142,"column":4}}]},"4":{"line":145,"type":"if","locations":[{"start":{"line":145,"column":4},"end":{"line":145,"column":4}},{"start":{"line":145,"column":4},"end":{"line":145,"column":4}}]},"5":{"line":207,"type":"if","locations":[{"start":{"line":207,"column":2},"end":{"line":207,"column":2}},{"start":{"line":207,"column":2},"end":{"line":207,"column":2}}]},"6":{"line":208,"type":"if","locations":[{"start":{"line":208,"column":3},"end":{"line":208,"column":3}},{"start":{"line":208,"column":3},"end":{"line":208,"column":3}}]},"7":{"line":253,"type":"if","locations":[{"start":{"line":253,"column":2},"end":{"line":253,"column":2}},{"start":{"line":253,"column":2},"end":{"line":253,"column":2}}]},"8":{"line":333,"type":"cond-expr","locations":[{"start":{"line":334,"column":5},"end":{"line":334,"column":26}},{"start":{"line":335,"column":5},"end":{"line":335,"column":63}}]},"9":{"line":351,"type":"cond-expr","locations":[{"start":{"line":352,"column":5},"end":{"line":352,"column":26}},{"start":{"line":353,"column":5},"end":{"line":353,"column":72}}]}}},"/home/valerii/art/dev/js/inheritance-diagram/gh-pages/src/outputAdapter.js":{"path":"/home/valerii/art/dev/js/inheritance-diagram/gh-pages/src/outputAdapter.js","s":{"1":1,"2":1,"3":1,"4":21,"5":21,"6":21,"7":21,"8":0,"9":21,"10":21,"11":1},"b":{"1":[0,21]},"f":{"1":21},"fnMap":{"1":{"name":"(anonymous_1)","line":54,"loc":{"start":{"line":54,"column":10},"end":{"line":54,"column":36}}}},"statementMap":{"1":{"start":{"line":8,"column":0},"end":{"line":8,"column":43}},"2":{"start":{"line":9,"column":0},"end":{"line":9,"column":41}},"3":{"start":{"line":21,"column":0},"end":{"line":75,"column":3}},"4":{"start":{"line":56,"column":2},"end":{"line":56,"column":47}},"5":{"start":{"line":57,"column":2},"end":{"line":60,"column":25}},"6":{"start":{"line":64,"column":2},"end":{"line":64,"column":47}},"7":{"start":{"line":65,"column":2},"end":{"line":67,"column":3}},"8":{"start":{"line":66,"column":3},"end":{"line":66,"column":58}},"9":{"start":{"line":68,"column":2},"end":{"line":70,"column":39}},"10":{"start":{"line":73,"column":2},"end":{"line":73,"column":32}},"11":{"start":{"line":77,"column":0},"end":{"line":77,"column":31}}},"branchMap":{"1":{"line":65,"type":"if","locations":[{"start":{"line":65,"column":2},"end":{"line":65,"column":2}},{"start":{"line":65,"column":2},"end":{"line":65,"column":2}}]}}}}