TN:
SF:/home/valerii/art/dev/js/inheritance-diagram/gh-pages/src/main.js
FN:27,(anonymous_1)
FN:66,(anonymous_2)
FN:119,(anonymous_3)
FNF:3
FNH:3
FNDA:21,(anonymous_1)
FNDA:84,(anonymous_2)
FNDA:21,(anonymous_3)
DA:8,1
DA:10,1
DA:11,1
DA:12,1
DA:13,1
DA:15,1
DA:27,1
DA:28,21
DA:31,21
DA:32,21
DA:33,21
DA:34,21
DA:35,21
DA:39,21
DA:40,21
DA:44,21
DA:50,21
DA:56,21
DA:62,21
DA:66,21
DA:68,84
DA:70,84
DA:72,84
DA:74,21
DA:120,21
DA:124,1
LF:26
LH:26
BRDA:31,1,0,21
BRDA:31,1,1,0
BRDA:31,2,0,21
BRDA:31,2,1,21
BRF:4
BRH:3
end_of_record
TN:
SF:/home/valerii/art/dev/js/inheritance-diagram/gh-pages/src/inputAdapter.js
FN:56,(anonymous_1)
FN:90,(anonymous_2)
FN:109,(anonymous_3)
FN:132,(anonymous_4)
FNF:4
FNH:4
FNDA:21,(anonymous_1)
FNDA:15,(anonymous_2)
FNDA:21,(anonymous_3)
FNDA:47,(anonymous_4)
DA:8,1
DA:9,1
DA:10,1
DA:23,1
DA:57,21
DA:58,0
DA:60,21
DA:61,0
DA:64,21
DA:65,21
DA:66,0
DA:69,21
DA:75,21
DA:77,21
DA:91,15
DA:93,15
DA:95,15
DA:96,6
DA:99,15
DA:110,21
DA:114,42
DA:115,42
DA:117,42
DA:119,32
DA:133,47
DA:137,47
DA:138,6
DA:143,47
DA:150,1
LF:29
LH:26
BRDA:57,1,0,0
BRDA:57,1,1,21
BRDA:60,2,0,0
BRDA:60,2,1,21
BRDA:65,3,0,0
BRDA:65,3,1,21
BRDA:72,4,0,9
BRDA:72,4,1,12
BRDA:95,5,0,6
BRDA:95,5,1,9
BRDA:95,6,0,15
BRDA:95,6,1,9
BRDA:137,7,0,6
BRDA:137,7,1,41
BRDA:137,8,0,47
BRDA:137,8,1,24
BRF:16
BRH:13
end_of_record
TN:
SF:/home/valerii/art/dev/js/inheritance-diagram/gh-pages/src/ProcessingNode.js
FN:20,(anonymous_1)
FN:37,(anonymous_2)
FN:46,(anonymous_3)
FNF:3
FNH:2
FNDA:4,(anonymous_1)
FNDA:84,(anonymous_2)
FNDA:0,(anonymous_3)
DA:8,1
DA:9,1
DA:20,1
DA:21,4
DA:22,0
DA:38,84
DA:49,1
LF:7
LH:6
BRDA:21,1,0,0
BRDA:21,1,1,4
BRF:2
BRH:1
end_of_record
TN:
SF:/home/valerii/art/dev/js/inheritance-diagram/gh-pages/src/GraphNode.js
FN:19,(anonymous_1)
FNF:1
FNH:1
FNDA:68,(anonymous_1)
DA:8,1
DA:19,1
DA:20,68
DA:21,50
DA:25,50
DA:26,16
DA:28,50
DA:29,9
DA:31,50
DA:32,9
DA:37,68
DA:38,68
DA:39,157
DA:40,157
DA:41,12
DA:44,145
DA:119,1
LF:17
LH:17
BRDA:20,1,0,50
BRDA:20,1,1,18
BRDA:25,2,0,16
BRDA:25,2,1,34
BRDA:28,3,0,9
BRDA:28,3,1,41
BRDA:31,4,0,9
BRDA:31,4,1,41
BRDA:37,5,0,68
BRDA:37,5,1,0
BRDA:40,6,0,12
BRDA:40,6,1,145
BRDA:40,7,0,157
BRDA:40,7,1,145
BRF:14
BRH:13
end_of_record
TN:
SF:/home/valerii/art/dev/js/inheritance-diagram/gh-pages/src/position.js
FN:63,(anonymous_1)
FN:79,(anonymous_2)
FN:88,(anonymous_3)
FN:100,(anonymous_4)
FN:113,(anonymous_5)
FNF:5
FNH:5
FNDA:21,(anonymous_1)
FNDA:21,(anonymous_2)
FNDA:21,(anonymous_3)
FNDA:21,(anonymous_4)
FNDA:21,(anonymous_5)
DA:8,1
DA:9,1
DA:10,1
DA:21,1
DA:64,21
DA:65,0
DA:68,21
DA:70,21
DA:71,21
DA:72,21
DA:73,21
DA:81,21
DA:82,21
DA:89,21
DA:90,21
DA:91,15
DA:93,15
DA:102,21
DA:104,21
DA:105,16
DA:106,16
DA:115,21
DA:117,21
DA:120,16
DA:121,16
DA:126,1
LF:26
LH:25
BRDA:64,1,0,0
BRDA:64,1,1,21
BRDA:81,2,0,21
BRDA:81,2,1,12
BRF:4
BRH:3
end_of_record
TN:
SF:/home/valerii/art/dev/js/inheritance-diagram/gh-pages/src/rendering.js
FN:23,(anonymous_1)
FN:90,(anonymous_2)
FN:99,(anonymous_3)
FN:115,(anonymous_4)
FN:189,(anonymous_5)
FN:249,(anonymous_6)
FN:285,(anonymous_7)
FN:308,(anonymous_8)
FN:328,(anonymous_9)
FN:347,(anonymous_10)
FN:365,(anonymous_11)
FN:381,(anonymous_12)
FNF:12
FNH:12
FNDA:1,(anonymous_1)
FNDA:21,(anonymous_2)
FNDA:22,(anonymous_3)
FNDA:21,(anonymous_4)
FNDA:68,(anonymous_5)
FNDA:21,(anonymous_6)
FNDA:16,(anonymous_7)
FNDA:31,(anonymous_8)
FNDA:16,(anonymous_9)
FNDA:31,(anonymous_10)
FNDA:16,(anonymous_11)
FNDA:31,(anonymous_12)
DA:8,1
DA:9,1
DA:10,1
DA:23,1
DA:24,1
DA:91,21
DA:93,21
DA:100,22
DA:104,22
DA:105,22
DA:116,21
DA:117,21
DA:118,21
DA:119,21
DA:123,21
DA:124,21
DA:125,21
DA:126,21
DA:131,21
DA:133,68
DA:136,68
DA:137,33
DA:139,68
DA:140,25
DA:142,68
DA:143,37
DA:145,68
DA:146,32
DA:152,21
DA:153,21
DA:164,21
DA:169,21
DA:176,21
DA:177,21
DA:180,21
DA:190,68
DA:191,68
DA:195,68
DA:196,68
DA:201,68
DA:202,68
DA:207,68
DA:208,47
DA:209,29
DA:212,18
DA:217,68
DA:223,68
DA:230,68
DA:231,68
DA:232,136
DA:234,68
DA:237,68
DA:251,21
DA:253,21
DA:254,9
DA:256,9
DA:257,6
DA:263,21
DA:264,16
DA:268,21
DA:269,16
DA:286,16
DA:309,31
DA:329,16
DA:330,16
DA:331,16
DA:333,16
DA:348,31
DA:349,31
DA:351,31
DA:366,16
DA:369,16
DA:382,31
DA:385,31
DA:389,1
LF:75
LH:75
BRDA:136,1,0,33
BRDA:136,1,1,35
BRDA:139,2,0,25
BRDA:139,2,1,43
BRDA:142,3,0,37
BRDA:142,3,1,31
BRDA:145,4,0,32
BRDA:145,4,1,36
BRDA:207,5,0,47
BRDA:207,5,1,21
BRDA:208,6,0,29
BRDA:208,6,1,18
BRDA:253,7,0,9
BRDA:253,7,1,12
BRDA:333,8,0,9
BRDA:333,8,1,7
BRDA:351,9,0,23
BRDA:351,9,1,8
BRF:18
BRH:18
end_of_record
TN:
SF:/home/valerii/art/dev/js/inheritance-diagram/gh-pages/src/outputAdapter.js
FN:54,(anonymous_1)
FNF:1
FNH:1
FNDA:21,(anonymous_1)
DA:8,1
DA:9,1
DA:21,1
DA:56,21
DA:57,21
DA:64,21
DA:65,21
DA:66,0
DA:68,21
DA:73,21
DA:77,1
LF:11
LH:10
BRDA:65,1,0,0
BRDA:65,1,1,21
BRF:2
BRH:1
end_of_record
