TN:
SF:/home/valerii/art/dev/js/inheritance-diagram/master/src/GraphNode.js
FN:18,(anonymous_1)
FNF:1
FNH:1
FNDA:144,(anonymous_1)
DA:8,1
DA:18,1
DA:19,144
DA:20,89
DA:24,89
DA:25,19
DA:27,89
DA:28,42
DA:30,89
DA:31,21
DA:36,144
DA:37,142
DA:38,329
DA:39,329
DA:40,35
DA:43,294
DA:118,1
LF:17
LH:17
BRDA:19,1,0,89
BRDA:19,1,1,55
BRDA:24,2,0,19
BRDA:24,2,1,70
BRDA:27,3,0,42
BRDA:27,3,1,47
BRDA:30,4,0,21
BRDA:30,4,1,68
BRDA:36,5,0,142
BRDA:36,5,1,2
BRDA:39,6,0,35
BRDA:39,6,1,294
BRDA:39,7,0,329
BRDA:39,7,1,294
BRF:14
BRH:14
end_of_record
TN:
SF:/home/valerii/art/dev/js/inheritance-diagram/master/src/inputAdapter.js
FN:34,(anonymous_1)
FN:71,(anonymous_2)
FN:95,(anonymous_3)
FN:121,(anonymous_4)
FN:146,(anonymous_5)
FNF:5
FNH:5
FNDA:69,(anonymous_1)
FNDA:23,(anonymous_2)
FNDA:103,(anonymous_3)
FNDA:35,(anonymous_4)
FNDA:94,(anonymous_5)
DA:8,1
DA:9,1
DA:10,1
DA:20,1
DA:35,69
DA:36,10
DA:38,59
DA:39,8
DA:42,51
DA:43,51
DA:44,1
DA:47,50
DA:53,45
DA:54,35
DA:56,25
DA:72,23
DA:73,5
DA:76,18
DA:79,18
DA:81,18
DA:82,8
DA:85,18
DA:96,103
DA:98,103
DA:100,69
DA:101,1
DA:103,68
DA:104,10
DA:108,58
DA:110,58
DA:122,35
DA:124,35
DA:126,30
DA:127,1
DA:129,29
DA:130,10
DA:134,19
DA:147,94
DA:154,1
LF:39
LH:39
BRDA:35,1,0,10
BRDA:35,1,1,59
BRDA:35,2,0,69
BRDA:35,2,1,60
BRDA:38,3,0,8
BRDA:38,3,1,51
BRDA:43,4,0,1
BRDA:43,4,1,50
BRDA:50,5,0,15
BRDA:50,5,1,35
BRDA:72,6,0,5
BRDA:72,6,1,18
BRDA:79,7,0,1
BRDA:79,7,1,17
BRDA:81,8,0,8
BRDA:81,8,1,10
BRDA:81,9,0,18
BRDA:81,9,1,12
BRDA:100,10,0,1
BRDA:100,10,1,68
BRDA:103,11,0,10
BRDA:103,11,1,58
BRDA:103,12,0,68
BRDA:103,12,1,59
BRDA:126,13,0,1
BRDA:126,13,1,29
BRDA:129,14,0,10
BRDA:129,14,1,19
BRDA:129,15,0,29
BRDA:129,15,1,20
BRF:30
BRH:30
end_of_record
TN:
SF:/home/valerii/art/dev/js/inheritance-diagram/master/src/ProcessingNode.js
FN:30,(anonymous_1)
FN:39,(anonymous_2)
FNF:2
FNH:2
FNDA:4,(anonymous_1)
FNDA:1,(anonymous_2)
DA:8,1
DA:9,1
DA:17,1
DA:31,4
DA:42,1
LF:5
LH:5
BRF:0
BRH:0
end_of_record
TN:
SF:/home/valerii/art/dev/js/inheritance-diagram/master/src/main.js
FN:26,(anonymous_1)
FN:69,(anonymous_2)
FN:128,(anonymous_3)
FNF:3
FNH:3
FNDA:25,(anonymous_1)
FNDA:100,(anonymous_2)
FNDA:25,(anonymous_3)
DA:8,1
DA:10,1
DA:11,1
DA:12,1
DA:13,1
DA:15,1
DA:26,1
DA:27,25
DA:30,25
DA:31,1
DA:37,4
DA:42,25
DA:43,25
DA:47,25
DA:53,25
DA:59,25
DA:65,25
DA:69,25
DA:71,100
DA:73,100
DA:75,100
DA:77,25
DA:129,25
DA:133,1
LF:24
LH:24
BRDA:30,1,0,1
BRDA:30,1,1,24
BRDA:30,2,0,25
BRDA:30,2,1,1
BRF:4
BRH:4
end_of_record
TN:
SF:/home/valerii/art/dev/js/inheritance-diagram/master/src/position.js
FN:63,(anonymous_1)
FN:88,(anonymous_2)
FN:101,(anonymous_3)
FN:116,(anonymous_4)
FN:149,(anonymous_5)
FN:164,(anonymous_6)
FNF:6
FNH:6
FNDA:36,(anonymous_1)
FNDA:25,(anonymous_2)
FNDA:25,(anonymous_3)
FNDA:50,(anonymous_4)
FNDA:25,(anonymous_5)
FNDA:25,(anonymous_6)
DA:8,1
DA:9,1
DA:10,1
DA:20,1
DA:64,36
DA:65,11
DA:68,25
DA:70,25
DA:72,25
DA:73,25
DA:75,25
DA:77,25
DA:78,25
DA:80,25
DA:90,25
DA:91,25
DA:93,25
DA:102,25
DA:103,18
DA:105,18
DA:107,18
DA:117,50
DA:119,50
DA:120,50
DA:121,50
DA:123,50
DA:125,101
DA:126,30
DA:128,30
DA:129,59
DA:130,59
DA:131,59
DA:134,71
DA:138,50
DA:139,25
DA:140,25
DA:150,25
DA:152,20
DA:153,20
DA:156,25
DA:165,25
DA:167,54
DA:170,25
DA:171,25
DA:173,47
DA:174,15
DA:177,47
DA:178,5
DA:181,42
DA:183,30
DA:186,30
DA:187,30
DA:188,30
DA:190,12
DA:198,1
LF:55
LH:55
BRDA:64,1,0,11
BRDA:64,1,1,25
BRDA:125,2,0,30
BRDA:125,2,1,71
BRDA:125,3,0,101
BRDA:125,3,1,84
BRDA:138,4,0,25
BRDA:138,4,1,25
BRDA:173,5,0,15
BRDA:173,5,1,32
BRDA:177,6,0,5
BRDA:177,6,1,42
BRDA:181,7,0,30
BRDA:181,7,1,12
BRF:14
BRH:14
end_of_record
TN:
SF:/home/valerii/art/dev/js/inheritance-diagram/master/src/rendering.js
FN:21,(anonymous_1)
FN:89,(anonymous_2)
FN:98,(anonymous_3)
FN:118,(anonymous_4)
FN:204,(anonymous_5)
FN:265,(anonymous_6)
FN:294,(anonymous_7)
FN:314,(anonymous_8)
FN:337,(anonymous_9)
FN:357,(anonymous_10)
FN:376,(anonymous_11)
FN:394,(anonymous_12)
FN:410,(anonymous_13)
FNF:13
FNH:13
FNDA:22,(anonymous_1)
FNDA:1,(anonymous_2)
FNDA:23,(anonymous_3)
FNDA:46,(anonymous_4)
FNDA:122,(anonymous_5)
FNDA:25,(anonymous_6)
FNDA:84,(anonymous_7)
FNDA:20,(anonymous_8)
FNDA:77,(anonymous_9)
FNDA:20,(anonymous_10)
FNDA:77,(anonymous_11)
FNDA:20,(anonymous_12)
FNDA:77,(anonymous_13)
DA:8,1
DA:9,1
DA:10,1
DA:11,1
DA:21,1
DA:22,22
DA:90,1
DA:92,1
DA:99,23
DA:103,23
DA:104,23
DA:119,46
DA:120,10
DA:122,36
DA:123,11
DA:126,25
DA:127,25
DA:128,25
DA:129,25
DA:133,25
DA:134,25
DA:135,25
DA:136,25
DA:141,25
DA:142,93
DA:143,139
DA:144,17
DA:147,122
DA:150,122
DA:151,46
DA:153,122
DA:154,40
DA:156,122
DA:157,25
DA:159,122
DA:160,72
DA:167,25
DA:168,25
DA:179,25
DA:184,25
DA:191,25
DA:192,25
DA:195,25
DA:205,122
DA:206,122
DA:210,122
DA:211,122
DA:216,122
DA:217,122
DA:222,122
DA:223,97
DA:224,28
DA:227,69
DA:232,122
DA:239,122
DA:246,122
DA:247,122
DA:248,244
DA:250,122
DA:253,122
DA:267,25
DA:269,25
DA:270,10
DA:272,10
DA:273,8
DA:279,25
DA:282,25
DA:283,20
DA:295,84
DA:296,59
DA:298,59
DA:315,20
DA:338,77
DA:358,20
DA:359,20
DA:360,20
DA:362,20
DA:377,77
DA:378,77
DA:380,77
DA:395,20
DA:398,20
DA:411,77
DA:414,77
DA:418,1
LF:85
LH:85
BRDA:119,1,0,10
BRDA:119,1,1,36
BRDA:122,2,0,11
BRDA:122,2,1,25
BRDA:143,3,0,17
BRDA:143,3,1,122
BRDA:150,4,0,46
BRDA:150,4,1,76
BRDA:153,5,0,40
BRDA:153,5,1,82
BRDA:156,6,0,25
BRDA:156,6,1,97
BRDA:159,7,0,72
BRDA:159,7,1,50
BRDA:222,8,0,97
BRDA:222,8,1,25
BRDA:223,9,0,28
BRDA:223,9,1,69
BRDA:269,10,0,10
BRDA:269,10,1,15
BRDA:362,11,0,10
BRDA:362,11,1,10
BRDA:380,12,0,32
BRDA:380,12,1,45
BRF:24
BRH:24
end_of_record
TN:
SF:/home/valerii/art/dev/js/inheritance-diagram/master/src/outputAdapter.js
FN:52,(anonymous_1)
FNF:1
FNH:1
FNDA:26,(anonymous_1)
DA:8,1
DA:9,1
DA:18,1
DA:54,26
DA:61,26
DA:62,26
DA:63,1
DA:65,26
DA:70,26
DA:74,1
LF:10
LH:10
BRDA:62,1,0,1
BRDA:62,1,1,25
BRF:2
BRH:2
end_of_record
